This file contains any messages produced by compilers while
running configure, to aid debugging if configure makes a mistake.

It was created by configure, which was
generated by GNU Autoconf 2.61.  Invocation command line was

  $ ./configure --build=x86_64-linux-gnu --prefix=/usr --includedir=${prefix}/include --mandir=${prefix}/share/man --infodir=${prefix}/share/info --sysconfdir=/etc --localstatedir=/var --libexecdir=${prefix}/lib/unixodbc --disable-maintainer-mode --disable-dependency-tracking --with-qt-includes=/usr/include/qt3 --enable-static --enable-ltdllib

## --------- ##
## Platform. ##
## --------- ##

hostname = borges
uname -m = x86_64
uname -r = 2.6.30-1-amd64
uname -s = Linux
uname -v = #1 SMP Sat Aug 15 18:09:19 UTC 2009

/usr/bin/uname -p = unknown
/bin/uname -X     = unknown

/bin/arch              = unknown
/usr/bin/arch -k       = unknown
/usr/convex/getsysinfo = unknown
/usr/bin/hostinfo      = unknown
/bin/machine           = unknown
/usr/bin/oslevel       = unknown
/bin/universe          = unknown

PATH: /usr/sbin
PATH: /usr/bin
PATH: /sbin
PATH: /bin
PATH: /usr/bin/X11


## ----------- ##
## Core tests. ##
## ----------- ##

configure:2058: checking for a BSD-compatible install
configure:2114: result: /usr/bin/install -c
configure:2125: checking whether build environment is sane
configure:2168: result: yes
configure:2233: checking for gawk
configure:2263: result: no
configure:2233: checking for mawk
configure:2249: found /usr/bin/mawk
configure:2260: result: mawk
configure:2271: checking whether make sets $(MAKE)
configure:2292: result: yes
configure:2477: checking whether to enable maintainer-specific portions of Makefiles
configure:2486: result: no
configure:2506: checking for gawk
configure:2533: result: mawk
configure:2548: checking for bison
configure:2564: found /usr/bin/bison
configure:2575: result: bison -y
configure:2635: checking for gcc
configure:2651: found /usr/bin/gcc
configure:2662: result: gcc
configure:2900: checking for C compiler version
configure:2907: gcc --version >&5
gcc (Debian 4.3.4-5) 4.3.4
Copyright (C) 2008 Free Software Foundation, Inc.
This is free software; see the source for copying conditions.  There is NO
warranty; not even for MERCHANTABILITY or FITNESS FOR A PARTICULAR PURPOSE.

configure:2910: $? = 0
configure:2917: gcc -v >&5
Using built-in specs.
Target: x86_64-linux-gnu
Configured with: ../src/configure -v --with-pkgversion='Debian 4.3.4-5' --with-bugurl=file:///usr/share/doc/gcc-4.3/README.Bugs --enable-languages=c,c++,fortran,objc,obj-c++ --prefix=/usr --enable-shared --enable-multiarch --enable-linker-build-id --with-system-zlib --libexecdir=/usr/lib --without-included-gettext --enable-threads=posix --enable-nls --with-gxx-include-dir=/usr/include/c++/4.3 --program-suffix=-4.3 --enable-clocale=gnu --enable-libstdcxx-debug --enable-objc-gc --enable-mpfr --with-tune=generic --enable-checking=release --build=x86_64-linux-gnu --host=x86_64-linux-gnu --target=x86_64-linux-gnu
Thread model: posix
gcc version 4.3.4 (Debian 4.3.4-5) 
configure:2920: $? = 0
configure:2927: gcc -V >&5
gcc: '-V' option must have argument
configure:2930: $? = 1
configure:2953: checking for C compiler default output file name
configure:2980: gcc -g -O2  -Wl,-z,defs conftest.c  >&5
configure:2983: $? = 0
configure:3021: result: a.out
configure:3038: checking whether the C compiler works
configure:3048: ./a.out
configure:3051: $? = 0
configure:3068: result: yes
configure:3075: checking whether we are cross compiling
configure:3077: result: no
configure:3080: checking for suffix of executables
configure:3087: gcc -o conftest -g -O2  -Wl,-z,defs conftest.c  >&5
configure:3090: $? = 0
configure:3114: result: 
configure:3120: checking for suffix of object files
configure:3146: gcc -c -g -O2  conftest.c >&5
configure:3149: $? = 0
configure:3172: result: o
configure:3176: checking whether we are using the GNU C compiler
configure:3205: gcc -c -g -O2  conftest.c >&5
configure:3211: $? = 0
configure:3228: result: yes
configure:3233: checking whether gcc accepts -g
configure:3263: gcc -c -g  conftest.c >&5
configure:3269: $? = 0
configure:3368: result: yes
configure:3385: checking for gcc option to accept ISO C89
configure:3459: gcc  -c -g -O2  conftest.c >&5

## ---------------- ##
## Cache variables. ##
## ---------------- ##

ac_cv_c_compiler_gnu=yes
ac_cv_env_CCC_set=
ac_cv_env_CCC_value=
ac_cv_env_CC_set=
ac_cv_env_CC_value=
ac_cv_env_CFLAGS_set=set
ac_cv_env_CFLAGS_value='-g -O2'
ac_cv_env_CPPFLAGS_set=set
ac_cv_env_CPPFLAGS_value=
ac_cv_env_CPP_set=
ac_cv_env_CPP_value=
ac_cv_env_CXXCPP_set=
ac_cv_env_CXXCPP_value=
ac_cv_env_CXXFLAGS_set=set
ac_cv_env_CXXFLAGS_value='-g -O2 -pipe'
ac_cv_env_CXX_set=
ac_cv_env_CXX_value=
ac_cv_env_F77_set=
ac_cv_env_F77_value=
ac_cv_env_FFLAGS_set=set
ac_cv_env_FFLAGS_value='-g -O2'
ac_cv_env_LDFLAGS_set=set
ac_cv_env_LDFLAGS_value=-Wl,-z,defs
ac_cv_env_LIBS_set=
ac_cv_env_LIBS_value=
ac_cv_env_YACC_set=
ac_cv_env_YACC_value=
ac_cv_env_YFLAGS_set=
ac_cv_env_YFLAGS_value=
ac_cv_env_build_alias_set=set
ac_cv_env_build_alias_value=x86_64-linux-gnu
ac_cv_env_host_alias_set=
ac_cv_env_host_alias_value=
ac_cv_env_target_alias_set=
ac_cv_env_target_alias_value=
ac_cv_objext=o
ac_cv_path_install='/usr/bin/install -c'
ac_cv_prog_AWK=mawk
ac_cv_prog_YACC='bison -y'
ac_cv_prog_ac_ct_CC=gcc
ac_cv_prog_cc_c89=no
ac_cv_prog_cc_g=yes
ac_cv_prog_make_make_set=yes

## ----------------- ##
## Output variables. ##
## ----------------- ##

ACLOCAL='${SHELL} /home/devel/unixodbc/unixodbc-2.2.11/missing --run aclocal-1.9'
ALLOCA=''
AMDEPBACKSLASH=''
AMDEP_FALSE=''
AMDEP_TRUE=''
AMTAR='${SHELL} /home/devel/unixodbc/unixodbc-2.2.11/missing --run tar'
AR=''
AUTOCONF='${SHELL} /home/devel/unixodbc/unixodbc-2.2.11/missing --run autoconf'
AUTOHEADER='${SHELL} /home/devel/unixodbc/unixodbc-2.2.11/missing --run autoheader'
AUTOMAKE='${SHELL} /home/devel/unixodbc/unixodbc-2.2.11/missing --run automake-1.9'
AWK='mawk'
CC='gcc '
CCDEPMODE=''
CFLAGS='-g -O2'
CPP=''
CPPFLAGS=''
CXX=''
CXXCPP=''
CXXDEPMODE=''
CXXFLAGS='-g -O2 -pipe'
CYGPATH_W='echo'
DEFS=''
DEPDIR=''
DRIVERS_FALSE=''
DRIVERS_TRUE=''
ECHO='echo'
ECHO_C=''
ECHO_N='-n'
ECHO_T=''
EGREP=''
EXEEXT=''
F77=''
FDB_FALSE=''
FDB_TRUE=''
FFLAGS='-g -O2'
GREP=''
HAVE_FLEX_FALSE=''
HAVE_FLEX_TRUE=''
ICONV_CHAR_ENCODING=''
ICONV_UNICODE_ENCODING=''
INCLTDL=''
INSTALL_DATA='${INSTALL} -m 644'
INSTALL_PROGRAM='${INSTALL}'
INSTALL_SCRIPT='${INSTALL}'
INSTALL_STRIP_PROGRAM='${SHELL} $(install_sh) -c -s'
LDFLAGS='-Wl,-z,defs'
LEX=''
LEXLIB=''
LEX_OUTPUT_ROOT=''
LFLAGS=''
LIBADD_CRYPT=''
LIBADD_DL=''
LIBADD_POW=''
LIBICONV=''
LIBLTDL=''
LIBNSL=''
LIBOBJS=''
LIBPNG=''
LIBS=''
LIBSOCKET=''
LIBTOOL=''
LIBZ=''
LIB_QT=''
LIB_VERSION=''
LIB_X11=''
LN_S=''
LTLIBOBJS=''
MAINT='#'
MAINTAINER_MODE_FALSE=''
MAINTAINER_MODE_TRUE='#'
MAKEINFO='${SHELL} /home/devel/unixodbc/unixodbc-2.2.11/missing --run makeinfo'
MOC=''
MSQL_FALSE=''
MSQL_TRUE=''
OBJEXT='o'
PACKAGE='unixODBC'
PACKAGE_BUGREPORT=''
PACKAGE_NAME=''
PACKAGE_STRING=''
PACKAGE_TARNAME=''
PACKAGE_VERSION=''
PATH_SEPARATOR=':'
PTH_CFLAGS=''
PTH_CPPFLAGS=''
PTH_LDFLAGS=''
PTH_LIBS=''
QNX_FALSE=''
QNX_TRUE=''
QT_FALSE=''
QT_INCLUDES=''
QT_LDFLAGS=''
QT_TRUE=''
RANLIB=''
READLINE=''
SED=''
SET_MAKE=''
SHELL='/bin/sh'
SHLIBEXT=''
STRIP=''
USER_INCLUDES=''
USER_LDFLAGS=''
VERSION='2.2.11'
WITHLT_FALSE=''
WITHLT_TRUE=''
X_INCLUDES=''
X_LDFLAGS=''
YACC='bison -y'
YFLAGS=''
ac_ct_CC='gcc'
ac_ct_CXX=''
ac_ct_F77=''
am__fastdepCC_FALSE=''
am__fastdepCC_TRUE=''
am__fastdepCXX_FALSE=''
am__fastdepCXX_TRUE=''
am__include=''
am__leading_dot='.'
am__quote=''
am__tar='${AMTAR} chof - "$$tardir"'
am__untar='${AMTAR} xf -'
bindir='${exec_prefix}/bin'
build='x86_64-linux-gnu'
build_alias='x86_64-linux-gnu'
build_cpu=''
build_os=''
build_vendor=''
datadir='${datarootdir}'
datarootdir='${prefix}/share'
docdir='${datarootdir}/doc/${PACKAGE}'
dvidir='${docdir}'
exec_prefix='NONE'
host=''
host_alias=''
host_cpu=''
host_os=''
host_vendor=''
htmldir='${docdir}'
includedir='${prefix}/include'
infodir='${prefix}/share/info'
install_sh='/home/devel/unixodbc/unixodbc-2.2.11/install-sh'
libdir='${exec_prefix}/lib'
libexecdir='${prefix}/lib/unixodbc'
localedir='${datarootdir}/locale'
localstatedir='/var'
mandir='${prefix}/share/man'
mkdir_p='mkdir -p --'
msql_headers=''
msql_libraries=''
oldincludedir='/usr/include'
pdfdir='${docdir}'
prefix='/usr'
program_transform_name='s,x,x,'
psdir='${docdir}'
qt_includes=''
qt_libraries=''
sbindir='${exec_prefix}/sbin'
sharedstatedir='${prefix}/com'
subdirs=''
sysconfdir='/etc'
target_alias=''
x_includes='NONE'
x_libraries='NONE'

## ----------- ##
## confdefs.h. ##
## ----------- ##

#define PACKAGE_NAME ""
#define PACKAGE_TARNAME ""
#define PACKAGE_VERSION ""
#define PACKAGE_STRING ""
#define PACKAGE_BUGREPORT ""
#define PACKAGE "unixODBC"
#define VERSION "2.2.11"

configure: caught signal 2
configure: exit 1
